Assuming unrestricted shared filesystem usage.
host: illinoisnet-guest-10-203-236-201.near.illinois.edu
Building DAG of jobs...
Using shell: /bin/bash
Provided cores: 1 (use --cores to define parallelism)
Rules claiming more threads will be scaled down.
Job stats:
job             count
------------  -------
prepare_data        1
researchQ1          1
researchQ2          1
run_all             1
total               4

Select jobs to execute...
Execute 1 jobs...
[Tue Apr 28 11:02:59 2026]
localrule prepare_data:
    output: Museum.db, museum_database_export.sql
    jobid: 1
    reason: Code has changed since last execution
    resources: tmpdir=/var/folders/w7/23_x_krd56dgz3l_g0tp_m0w0000gn/T
RuleException:
CalledProcessError in file "/Users/charlotteshafer/Documents/GitHub/IS477-Sagi-Kidwell-Shafer/Snakefile", line 16:
Command 'set -euo pipefail;  scripts/cleaning_integration.py' returned non-zero exit status 1.
[Tue Apr 28 11:02:59 2026]
Error in rule prepare_data:
    message: None
    jobid: 1
    output: Museum.db, museum_database_export.sql
    shell:
        scripts/cleaning_integration.py
        (command exited with non-zero exit code)
Shutting down, this might take some time.
Exiting because a job execution failed. Look below for error messages
[Tue Apr 28 11:02:59 2026]
Error in rule prepare_data:
    message: None
    jobid: 1
    output: Museum.db, museum_database_export.sql
    shell:
        scripts/cleaning_integration.py
        (command exited with non-zero exit code)
Complete log(s): /Users/charlotteshafer/Documents/GitHub/IS477-Sagi-Kidwell-Shafer/.snakemake/log/2026-04-28T110259.730046.snakemake.log
WorkflowError:
At least one job did not complete successfully.
